<?xml version="1.0" encoding="UTF-8"?>
<!-- Generated by org.testng.reporters.JUnitReportReporter -->
<testsuite hostname="Prateek-PC" name="Learing_TestNG_paramerterization.TestParameters" tests="2" failures="0" timestamp="10 Dec 2016 12:56:49 GMT" time="0.055" errors="1">
  <testcase name="testcaseone" time="0.055" classname="Learing_TestNG_paramerterization.TestParameters"/>
  <testcase name="testcasetwo" time="0.000" classname="Learing_TestNG_paramerterization.TestParameters">
    <error type="org.testng.TestNGException" message="
Parameter &#039;userName&#039; is required by @Test on method testcasetwo but has not been marked @Optional or defined
in D:\Java_Learning\WebDriver_Project\src\Learing_TestNG_paramerterization\ParamRun.xml">
      <![CDATA[org.testng.TestNGException: 
Parameter 'userName' is required by @Test on method testcasetwo but has not been marked @Optional or defined
in D:\Java_Learning\WebDriver_Project\src\Learing_TestNG_paramerterization\ParamRun.xml
	at org.testng.internal.Parameters.createParameters(Parameters.java:148)
	at org.testng.internal.Parameters.createParameters(Parameters.java:361)
	at org.testng.internal.Parameters.handleParameters(Parameters.java:451)
	at org.testng.internal.Invoker.handleParameters(Invoker.java:1276)
	at org.testng.internal.Invoker.createParameters(Invoker.java:992)
	at org.testng.internal.Invoker.invokeTestMethods(Invoker.java:1082)
	at org.testng.internal.TestMethodWorker.invokeTestMethods(TestMethodWorker.java:124)
	at org.testng.internal.TestMethodWorker.run(TestMethodWorker.java:108)
	at org.testng.TestRunner.privateRun(TestRunner.java:773)
	at org.testng.TestRunner.run(TestRunner.java:623)
	at org.testng.SuiteRunner.runTest(SuiteRunner.java:357)
	at org.testng.SuiteRunner.runSequentially(SuiteRunner.java:352)
	at org.testng.SuiteRunner.privateRun(SuiteRunner.java:310)
	at org.testng.SuiteRunner.run(SuiteRunner.java:259)
	at org.testng.SuiteRunnerWorker.runSuite(SuiteRunnerWorker.java:52)
	at org.testng.SuiteRunnerWorker.run(SuiteRunnerWorker.java:86)
	at org.testng.TestNG.runSuitesSequentially(TestNG.java:1185)
	at org.testng.TestNG.runSuitesLocally(TestNG.java:1110)
	at org.testng.TestNG.run(TestNG.java:1018)
	at org.testng.remote.AbstractRemoteTestNG.run(AbstractRemoteTestNG.java:132)
	at org.testng.remote.RemoteTestNG.initAndRun(RemoteTestNG.java:236)
	at org.testng.remote.RemoteTestNG.main(RemoteTestNG.java:81)
]]>
    </error>
  </testcase> <!-- testcasetwo -->
</testsuite> <!-- Learing_TestNG_paramerterization.TestParameters -->
